000 (412.000.000) 02/04 01:41:12 Job submitted from host: <192.168.100.49:60560>
...
001 (412.000.000) 02/04 01:41:30 Job executing on host: <192.168.100.69:44514>
...
000 (413.000.000) 02/04 01:45:01 Job submitted from host: <192.168.100.49:60560>
...
001 (413.000.000) 02/04 01:45:23 Job executing on host: <192.168.100.69:44514>
...
006 (413.000.000) 02/04 01:45:31 Image size of job updated: 153992
...
005 (412.000.000) 02/04 01:46:35 Job terminated.
	(1) Normal termination (return value 1)
		Usr 0 00:04:59, Sys 0 00:00:00  -  Run Remote Usage
		Usr 0 00:00:00, Sys 0 00:00:00  -  Run Local Usage
		Usr 0 00:04:59, Sys 0 00:00:00  -  Total Remote Usage
		Usr 0 00:00:00, Sys 0 00:00:00  -  Total Local Usage
	0  -  Run Bytes Sent By Job
	0  -  Run Bytes Received By Job
	0  -  Total Bytes Sent By Job
	0  -  Total Bytes Received By Job
...
005 (413.000.000) 02/04 01:50:30 Job terminated.
	(1) Normal termination (return value 1)
		Usr 0 00:05:05, Sys 0 00:00:00  -  Run Remote Usage
		Usr 0 00:00:00, Sys 0 00:00:00  -  Run Local Usage
		Usr 0 00:05:05, Sys 0 00:00:00  -  Total Remote Usage
		Usr 0 00:00:00, Sys 0 00:00:00  -  Total Local Usage
	0  -  Run Bytes Sent By Job
	0  -  Run Bytes Received By Job
	0  -  Total Bytes Sent By Job
	0  -  Total Bytes Received By Job
...
000 (414.000.000) 02/04 01:51:59 Job submitted from host: <192.168.100.49:60560>
...
001 (414.000.000) 02/04 01:52:19 Job executing on host: <192.168.100.69:44514>
...
005 (414.000.000) 02/04 01:52:20 Job terminated.
	(1) Normal termination (return value 2)
		Usr 0 00:00:00, Sys 0 00:00:00  -  Run Remote Usage
		Usr 0 00:00:00, Sys 0 00:00:00  -  Run Local Usage
		Usr 0 00:00:00, Sys 0 00:00:00  -  Total Remote Usage
		Usr 0 00:00:00, Sys 0 00:00:00  -  Total Local Usage
	0  -  Run Bytes Sent By Job
	0  -  Run Bytes Received By Job
	0  -  Total Bytes Sent By Job
	0  -  Total Bytes Received By Job
...
000 (418.000.000) 02/04 13:17:44 Job submitted from host: <192.168.100.49:60560>
...
001 (418.000.000) 02/04 13:17:54 Job executing on host: <192.168.100.69:44514>
...
005 (418.000.000) 02/04 13:17:56 Job terminated.
	(1) Normal termination (return value 1)
		Usr 0 00:00:00, Sys 0 00:00:00  -  Run Remote Usage
		Usr 0 00:00:00, Sys 0 00:00:00  -  Run Local Usage
		Usr 0 00:00:00, Sys 0 00:00:00  -  Total Remote Usage
		Usr 0 00:00:00, Sys 0 00:00:00  -  Total Local Usage
	0  -  Run Bytes Sent By Job
	0  -  Run Bytes Received By Job
	0  -  Total Bytes Sent By Job
	0  -  Total Bytes Received By Job
...
000 (419.000.000) 02/04 13:18:45 Job submitted from host: <192.168.100.49:60560>
...
001 (419.000.000) 02/04 13:18:48 Job executing on host: <192.168.100.69:44514>
...
005 (419.000.000) 02/04 13:18:50 Job terminated.
	(1) Normal termination (return value 1)
		Usr 0 00:00:00, Sys 0 00:00:00  -  Run Remote Usage
		Usr 0 00:00:00, Sys 0 00:00:00  -  Run Local Usage
		Usr 0 00:00:00, Sys 0 00:00:00  -  Total Remote Usage
		Usr 0 00:00:00, Sys 0 00:00:00  -  Total Local Usage
	0  -  Run Bytes Sent By Job
	0  -  Run Bytes Received By Job
	0  -  Total Bytes Sent By Job
	0  -  Total Bytes Received By Job
...
000 (420.000.000) 02/04 13:23:29 Job submitted from host: <192.168.100.49:60560>
...
001 (420.000.000) 02/04 13:24:02 Job executing on host: <192.168.100.69:44514>
...
005 (420.000.000) 02/04 13:24:04 Job terminated.
	(1) Normal termination (return value 1)
		Usr 0 00:00:00, Sys 0 00:00:00  -  Run Remote Usage
		Usr 0 00:00:00, Sys 0 00:00:00  -  Run Local Usage
		Usr 0 00:00:00, Sys 0 00:00:00  -  Total Remote Usage
		Usr 0 00:00:00, Sys 0 00:00:00  -  Total Local Usage
	0  -  Run Bytes Sent By Job
	0  -  Run Bytes Received By Job
	0  -  Total Bytes Sent By Job
	0  -  Total Bytes Received By Job
...
000 (449.000.000) 02/04 18:08:43 Job submitted from host: <192.168.100.49:60560>
...
001 (449.000.000) 02/04 18:09:00 Job executing on host: <192.168.100.69:44514>
...
006 (449.000.000) 02/04 18:14:08 Image size of job updated: 220032
...
005 (449.000.000) 02/04 18:14:37 Job terminated.
	(1) Normal termination (return value 0)
		Usr 0 00:05:21, Sys 0 00:00:00  -  Run Remote Usage
		Usr 0 00:00:00, Sys 0 00:00:00  -  Run Local Usage
		Usr 0 00:05:21, Sys 0 00:00:00  -  Total Remote Usage
		Usr 0 00:00:00, Sys 0 00:00:00  -  Total Local Usage
	0  -  Run Bytes Sent By Job
	0  -  Run Bytes Received By Job
	0  -  Total Bytes Sent By Job
	0  -  Total Bytes Received By Job
...
000 (450.000.000) 02/04 18:34:17 Job submitted from host: <192.168.100.49:60560>
...
001 (450.000.000) 02/04 18:34:45 Job executing on host: <192.168.100.69:44514>
...
006 (450.000.000) 02/04 18:39:53 Image size of job updated: 217980
...
005 (450.000.000) 02/04 18:40:41 Job terminated.
	(1) Normal termination (return value 0)
		Usr 0 00:05:35, Sys 0 00:00:00  -  Run Remote Usage
		Usr 0 00:00:00, Sys 0 00:00:00  -  Run Local Usage
		Usr 0 00:05:35, Sys 0 00:00:00  -  Total Remote Usage
		Usr 0 00:00:00, Sys 0 00:00:00  -  Total Local Usage
	0  -  Run Bytes Sent By Job
	0  -  Run Bytes Received By Job
	0  -  Total Bytes Sent By Job
	0  -  Total Bytes Received By Job
...
000 (451.000.000) 02/04 18:53:33 Job submitted from host: <192.168.100.49:60560>
...
001 (451.000.000) 02/04 18:53:51 Job executing on host: <192.168.100.69:44514>
...
005 (451.000.000) 02/04 18:57:13 Job terminated.
	(1) Normal termination (return value 1)
		Usr 0 00:03:14, Sys 0 00:00:00  -  Run Remote Usage
		Usr 0 00:00:00, Sys 0 00:00:00  -  Run Local Usage
		Usr 0 00:03:14, Sys 0 00:00:00  -  Total Remote Usage
		Usr 0 00:00:00, Sys 0 00:00:00  -  Total Local Usage
	0  -  Run Bytes Sent By Job
	0  -  Run Bytes Received By Job
	0  -  Total Bytes Sent By Job
	0  -  Total Bytes Received By Job
...
000 (452.000.000) 02/04 18:58:02 Job submitted from host: <192.168.100.49:60560>
...
001 (452.000.000) 02/04 18:58:20 Job executing on host: <192.168.100.69:44514>
...
006 (452.000.000) 02/04 19:03:28 Image size of job updated: 220036
...
005 (452.000.000) 02/04 19:04:19 Job terminated.
	(1) Normal termination (return value 0)
		Usr 0 00:05:35, Sys 0 00:00:00  -  Run Remote Usage
		Usr 0 00:00:00, Sys 0 00:00:00  -  Run Local Usage
		Usr 0 00:05:35, Sys 0 00:00:00  -  Total Remote Usage
		Usr 0 00:00:00, Sys 0 00:00:00  -  Total Local Usage
	0  -  Run Bytes Sent By Job
	0  -  Run Bytes Received By Job
	0  -  Total Bytes Sent By Job
	0  -  Total Bytes Received By Job
...
000 (453.000.000) 02/04 19:12:15 Job submitted from host: <192.168.100.49:60560>
...
001 (453.000.000) 02/04 19:12:44 Job executing on host: <192.168.100.69:44514>
...
006 (453.000.000) 02/04 19:12:52 Image size of job updated: 220028
...
005 (453.000.000) 02/04 19:18:37 Job terminated.
	(1) Normal termination (return value 0)
		Usr 0 00:05:35, Sys 0 00:00:00  -  Run Remote Usage
		Usr 0 00:00:00, Sys 0 00:00:00  -  Run Local Usage
		Usr 0 00:05:35, Sys 0 00:00:00  -  Total Remote Usage
		Usr 0 00:00:00, Sys 0 00:00:00  -  Total Local Usage
	0  -  Run Bytes Sent By Job
	0  -  Run Bytes Received By Job
	0  -  Total Bytes Sent By Job
	0  -  Total Bytes Received By Job
...
000 (454.000.000) 02/04 19:29:09 Job submitted from host: <192.168.100.49:60560>
...
001 (454.000.000) 02/04 19:29:27 Job executing on host: <192.168.100.69:44514>
...
005 (454.000.000) 02/04 19:29:28 Job terminated.
	(1) Normal termination (return value 1)
		Usr 0 00:00:00, Sys 0 00:00:00  -  Run Remote Usage
		Usr 0 00:00:00, Sys 0 00:00:00  -  Run Local Usage
		Usr 0 00:00:00, Sys 0 00:00:00  -  Total Remote Usage
		Usr 0 00:00:00, Sys 0 00:00:00  -  Total Local Usage
	0  -  Run Bytes Sent By Job
	0  -  Run Bytes Received By Job
	0  -  Total Bytes Sent By Job
	0  -  Total Bytes Received By Job
...
000 (455.000.000) 02/04 19:38:22 Job submitted from host: <192.168.100.49:60560>
...
001 (455.000.000) 02/04 19:38:42 Job executing on host: <192.168.100.69:44514>
...
006 (455.000.000) 02/04 19:38:50 Image size of job updated: 219868
...
005 (455.000.000) 02/04 19:42:12 Job terminated.
	(1) Normal termination (return value 1)
		Usr 0 00:03:13, Sys 0 00:00:00  -  Run Remote Usage
		Usr 0 00:00:00, Sys 0 00:00:00  -  Run Local Usage
		Usr 0 00:03:13, Sys 0 00:00:00  -  Total Remote Usage
		Usr 0 00:00:00, Sys 0 00:00:00  -  Total Local Usage
	0  -  Run Bytes Sent By Job
	0  -  Run Bytes Received By Job
	0  -  Total Bytes Sent By Job
	0  -  Total Bytes Received By Job
...
000 (456.000.000) 02/04 19:46:15 Job submitted from host: <192.168.100.49:60560>
...
001 (456.000.000) 02/04 19:46:40 Job executing on host: <192.168.100.69:44514>
...
005 (456.000.000) 02/04 19:50:09 Job terminated.
	(1) Normal termination (return value 1)
		Usr 0 00:03:14, Sys 0 00:00:00  -  Run Remote Usage
		Usr 0 00:00:00, Sys 0 00:00:00  -  Run Local Usage
		Usr 0 00:03:14, Sys 0 00:00:00  -  Total Remote Usage
		Usr 0 00:00:00, Sys 0 00:00:00  -  Total Local Usage
	0  -  Run Bytes Sent By Job
	0  -  Run Bytes Received By Job
	0  -  Total Bytes Sent By Job
	0  -  Total Bytes Received By Job
...
000 (457.000.000) 02/04 19:55:14 Job submitted from host: <192.168.100.49:60560>
...
001 (457.000.000) 02/04 19:55:39 Job executing on host: <192.168.100.69:44514>
...
005 (457.000.000) 02/04 19:55:39 Job terminated.
	(1) Normal termination (return value 1)
		Usr 0 00:00:00, Sys 0 00:00:00  -  Run Remote Usage
		Usr 0 00:00:00, Sys 0 00:00:00  -  Run Local Usage
		Usr 0 00:00:00, Sys 0 00:00:00  -  Total Remote Usage
		Usr 0 00:00:00, Sys 0 00:00:00  -  Total Local Usage
	0  -  Run Bytes Sent By Job
	0  -  Run Bytes Received By Job
	0  -  Total Bytes Sent By Job
	0  -  Total Bytes Received By Job
...
000 (458.000.000) 02/04 19:59:56 Job submitted from host: <192.168.100.49:60560>
...
001 (458.000.000) 02/04 20:00:34 Job executing on host: <192.168.100.69:44514>
...
006 (458.000.000) 02/04 20:05:42 Image size of job updated: 219872
...
005 (458.000.000) 02/04 20:06:32 Job terminated.
	(1) Normal termination (return value 0)
		Usr 0 00:05:33, Sys 0 00:00:00  -  Run Remote Usage
		Usr 0 00:00:00, Sys 0 00:00:00  -  Run Local Usage
		Usr 0 00:05:33, Sys 0 00:00:00  -  Total Remote Usage
		Usr 0 00:00:00, Sys 0 00:00:00  -  Total Local Usage
	0  -  Run Bytes Sent By Job
	0  -  Run Bytes Received By Job
	0  -  Total Bytes Sent By Job
	0  -  Total Bytes Received By Job
...
000 (459.000.000) 02/04 20:13:30 Job submitted from host: <192.168.100.49:60560>
...
001 (459.000.000) 02/04 20:14:05 Job executing on host: <192.168.100.69:44514>
...
006 (459.000.000) 02/04 20:19:13 Image size of job updated: 219872
...
005 (459.000.000) 02/04 20:20:05 Job terminated.
	(1) Normal termination (return value 0)
		Usr 0 00:05:50, Sys 0 00:00:00  -  Run Remote Usage
		Usr 0 00:00:00, Sys 0 00:00:00  -  Run Local Usage
		Usr 0 00:05:50, Sys 0 00:00:00  -  Total Remote Usage
		Usr 0 00:00:00, Sys 0 00:00:00  -  Total Local Usage
	0  -  Run Bytes Sent By Job
	0  -  Run Bytes Received By Job
	0  -  Total Bytes Sent By Job
	0  -  Total Bytes Received By Job
...
000 (460.000.000) 02/04 20:46:02 Job submitted from host: <192.168.100.49:60560>
...
001 (460.000.000) 02/04 20:46:22 Job executing on host: <192.168.100.69:44514>
...
006 (460.000.000) 02/04 20:51:30 Image size of job updated: 220036
...
005 (460.000.000) 02/04 20:52:19 Job terminated.
	(1) Normal termination (return value 0)
		Usr 0 00:05:37, Sys 0 00:00:00  -  Run Remote Usage
		Usr 0 00:00:00, Sys 0 00:00:00  -  Run Local Usage
		Usr 0 00:05:37, Sys 0 00:00:00  -  Total Remote Usage
		Usr 0 00:00:00, Sys 0 00:00:00  -  Total Local Usage
	0  -  Run Bytes Sent By Job
	0  -  Run Bytes Received By Job
	0  -  Total Bytes Sent By Job
	0  -  Total Bytes Received By Job
...
000 (461.000.000) 02/04 20:54:06 Job submitted from host: <192.168.100.49:60560>
...
001 (461.000.000) 02/04 20:54:23 Job executing on host: <192.168.100.69:44514>
...
005 (461.000.000) 02/04 20:54:24 Job terminated.
	(1) Normal termination (return value 1)
		Usr 0 00:00:00, Sys 0 00:00:00  -  Run Remote Usage
		Usr 0 00:00:00, Sys 0 00:00:00  -  Run Local Usage
		Usr 0 00:00:00, Sys 0 00:00:00  -  Total Remote Usage
		Usr 0 00:00:00, Sys 0 00:00:00  -  Total Local Usage
	0  -  Run Bytes Sent By Job
	0  -  Run Bytes Received By Job
	0  -  Total Bytes Sent By Job
	0  -  Total Bytes Received By Job
...
000 (462.000.000) 02/04 20:56:37 Job submitted from host: <192.168.100.49:60560>
...
001 (462.000.000) 02/04 20:56:55 Job executing on host: <192.168.100.69:44514>
...
005 (462.000.000) 02/04 21:00:15 Job terminated.
	(1) Normal termination (return value 0)
		Usr 0 00:03:14, Sys 0 00:00:00  -  Run Remote Usage
		Usr 0 00:00:00, Sys 0 00:00:00  -  Run Local Usage
		Usr 0 00:03:14, Sys 0 00:00:00  -  Total Remote Usage
		Usr 0 00:00:00, Sys 0 00:00:00  -  Total Local Usage
	0  -  Run Bytes Sent By Job
	0  -  Run Bytes Received By Job
	0  -  Total Bytes Sent By Job
	0  -  Total Bytes Received By Job
...
000 (463.000.000) 02/04 21:09:51 Job submitted from host: <192.168.100.49:60560>
...
001 (463.000.000) 02/04 21:10:27 Job executing on host: <192.168.100.69:44514>
...
005 (463.000.000) 02/04 21:13:53 Job terminated.
	(1) Normal termination (return value 0)
		Usr 0 00:03:13, Sys 0 00:00:00  -  Run Remote Usage
		Usr 0 00:00:00, Sys 0 00:00:00  -  Run Local Usage
		Usr 0 00:03:13, Sys 0 00:00:00  -  Total Remote Usage
		Usr 0 00:00:00, Sys 0 00:00:00  -  Total Local Usage
	0  -  Run Bytes Sent By Job
	0  -  Run Bytes Received By Job
	0  -  Total Bytes Sent By Job
	0  -  Total Bytes Received By Job
...
000 (464.000.000) 02/04 21:46:09 Job submitted from host: <192.168.100.49:60560>
...
001 (464.000.000) 02/04 21:46:47 Job executing on host: <192.168.100.69:44514>
...
005 (464.000.000) 02/04 21:50:09 Job terminated.
	(1) Normal termination (return value 0)
		Usr 0 00:03:13, Sys 0 00:00:00  -  Run Remote Usage
		Usr 0 00:00:00, Sys 0 00:00:00  -  Run Local Usage
		Usr 0 00:03:13, Sys 0 00:00:00  -  Total Remote Usage
		Usr 0 00:00:00, Sys 0 00:00:00  -  Total Local Usage
	0  -  Run Bytes Sent By Job
	0  -  Run Bytes Received By Job
	0  -  Total Bytes Sent By Job
	0  -  Total Bytes Received By Job
...
000 (465.000.000) 02/04 22:12:08 Job submitted from host: <192.168.100.49:60560>
...
001 (465.000.000) 02/04 22:12:32 Job executing on host: <192.168.100.69:44514>
...
005 (465.000.000) 02/04 22:15:52 Job terminated.
	(1) Normal termination (return value 0)
		Usr 0 00:03:13, Sys 0 00:00:00  -  Run Remote Usage
		Usr 0 00:00:00, Sys 0 00:00:00  -  Run Local Usage
		Usr 0 00:03:13, Sys 0 00:00:00  -  Total Remote Usage
		Usr 0 00:00:00, Sys 0 00:00:00  -  Total Local Usage
	0  -  Run Bytes Sent By Job
	0  -  Run Bytes Received By Job
	0  -  Total Bytes Sent By Job
	0  -  Total Bytes Received By Job
...
000 (466.000.000) 02/04 22:21:01 Job submitted from host: <192.168.100.49:60560>
...
001 (466.000.000) 02/04 22:21:21 Job executing on host: <192.168.100.69:44514>
...
005 (466.000.000) 02/04 22:21:21 Job terminated.
	(1) Normal termination (return value 1)
		Usr 0 00:00:00, Sys 0 00:00:00  -  Run Remote Usage
		Usr 0 00:00:00, Sys 0 00:00:00  -  Run Local Usage
		Usr 0 00:00:00, Sys 0 00:00:00  -  Total Remote Usage
		Usr 0 00:00:00, Sys 0 00:00:00  -  Total Local Usage
	0  -  Run Bytes Sent By Job
	0  -  Run Bytes Received By Job
	0  -  Total Bytes Sent By Job
	0  -  Total Bytes Received By Job
...
000 (467.000.000) 02/04 22:22:27 Job submitted from host: <192.168.100.49:60560>
...
001 (467.000.000) 02/04 22:22:32 Job executing on host: <192.168.100.69:44514>
...
005 (467.000.000) 02/04 22:25:55 Job terminated.
	(1) Normal termination (return value 0)
		Usr 0 00:03:14, Sys 0 00:00:00  -  Run Remote Usage
		Usr 0 00:00:00, Sys 0 00:00:00  -  Run Local Usage
		Usr 0 00:03:14, Sys 0 00:00:00  -  Total Remote Usage
		Usr 0 00:00:00, Sys 0 00:00:00  -  Total Local Usage
	0  -  Run Bytes Sent By Job
	0  -  Run Bytes Received By Job
	0  -  Total Bytes Sent By Job
	0  -  Total Bytes Received By Job
...
000 (468.000.000) 02/04 22:31:33 Job submitted from host: <192.168.100.49:60560>
...
001 (468.000.000) 02/04 22:31:51 Job executing on host: <192.168.100.69:44514>
...
005 (468.000.000) 02/04 22:35:18 Job terminated.
	(1) Normal termination (return value 0)
		Usr 0 00:03:13, Sys 0 00:00:00  -  Run Remote Usage
		Usr 0 00:00:00, Sys 0 00:00:00  -  Run Local Usage
		Usr 0 00:03:13, Sys 0 00:00:00  -  Total Remote Usage
		Usr 0 00:00:00, Sys 0 00:00:00  -  Total Local Usage
	0  -  Run Bytes Sent By Job
	0  -  Run Bytes Received By Job
	0  -  Total Bytes Sent By Job
	0  -  Total Bytes Received By Job
...
000 (469.000.000) 02/04 22:48:40 Job submitted from host: <192.168.100.49:60560>
...
001 (469.000.000) 02/04 22:48:58 Job executing on host: <192.168.100.69:44514>
...
006 (469.000.000) 02/04 22:49:06 Image size of job updated: 220036
...
005 (469.000.000) 02/04 22:55:12 Job terminated.
	(1) Normal termination (return value 0)
		Usr 0 00:06:03, Sys 0 00:00:00  -  Run Remote Usage
		Usr 0 00:00:00, Sys 0 00:00:00  -  Run Local Usage
		Usr 0 00:06:03, Sys 0 00:00:00  -  Total Remote Usage
		Usr 0 00:00:00, Sys 0 00:00:00  -  Total Local Usage
	0  -  Run Bytes Sent By Job
	0  -  Run Bytes Received By Job
	0  -  Total Bytes Sent By Job
	0  -  Total Bytes Received By Job
...
000 (470.000.000) 02/04 22:59:30 Job submitted from host: <192.168.100.49:60560>
...
001 (470.000.000) 02/04 22:59:58 Job executing on host: <192.168.100.69:44514>
...
005 (470.000.000) 02/04 23:03:20 Job terminated.
	(1) Normal termination (return value 1)
		Usr 0 00:03:14, Sys 0 00:00:00  -  Run Remote Usage
		Usr 0 00:00:00, Sys 0 00:00:00  -  Run Local Usage
		Usr 0 00:03:14, Sys 0 00:00:00  -  Total Remote Usage
		Usr 0 00:00:00, Sys 0 00:00:00  -  Total Local Usage
	0  -  Run Bytes Sent By Job
	0  -  Run Bytes Received By Job
	0  -  Total Bytes Sent By Job
	0  -  Total Bytes Received By Job
...
000 (471.000.000) 02/04 23:11:12 Job submitted from host: <192.168.100.49:60560>
...
001 (471.000.000) 02/04 23:11:50 Job executing on host: <192.168.100.69:44514>
...
005 (471.000.000) 02/04 23:11:50 Job terminated.
	(1) Normal termination (return value 1)
		Usr 0 00:00:00, Sys 0 00:00:00  -  Run Remote Usage
		Usr 0 00:00:00, Sys 0 00:00:00  -  Run Local Usage
		Usr 0 00:00:00, Sys 0 00:00:00  -  Total Remote Usage
		Usr 0 00:00:00, Sys 0 00:00:00  -  Total Local Usage
	0  -  Run Bytes Sent By Job
	0  -  Run Bytes Received By Job
	0  -  Total Bytes Sent By Job
	0  -  Total Bytes Received By Job
...
000 (472.000.000) 02/04 23:16:44 Job submitted from host: <192.168.100.49:60560>
...
001 (472.000.000) 02/04 23:17:14 Job executing on host: <192.168.100.69:44514>
...
005 (472.000.000) 02/04 23:17:16 Job terminated.
	(1) Normal termination (return value 1)
		Usr 0 00:00:00, Sys 0 00:00:00  -  Run Remote Usage
		Usr 0 00:00:00, Sys 0 00:00:00  -  Run Local Usage
		Usr 0 00:00:00, Sys 0 00:00:00  -  Total Remote Usage
		Usr 0 00:00:00, Sys 0 00:00:00  -  Total Local Usage
	0  -  Run Bytes Sent By Job
	0  -  Run Bytes Received By Job
	0  -  Total Bytes Sent By Job
	0  -  Total Bytes Received By Job
...
000 (473.000.000) 02/04 23:18:24 Job submitted from host: <192.168.100.49:60560>
...
001 (473.000.000) 02/04 23:18:41 Job executing on host: <192.168.100.69:44514>
...
005 (473.000.000) 02/04 23:18:43 Job terminated.
	(1) Normal termination (return value 1)
		Usr 0 00:00:00, Sys 0 00:00:00  -  Run Remote Usage
		Usr 0 00:00:00, Sys 0 00:00:00  -  Run Local Usage
		Usr 0 00:00:00, Sys 0 00:00:00  -  Total Remote Usage
		Usr 0 00:00:00, Sys 0 00:00:00  -  Total Local Usage
	0  -  Run Bytes Sent By Job
	0  -  Run Bytes Received By Job
	0  -  Total Bytes Sent By Job
	0  -  Total Bytes Received By Job
...
000 (474.000.000) 02/04 23:20:01 Job submitted from host: <192.168.100.49:60560>
...
001 (474.000.000) 02/04 23:20:34 Job executing on host: <192.168.100.69:44514>
...
005 (474.000.000) 02/04 23:20:36 Job terminated.
	(1) Normal termination (return value 1)
		Usr 0 00:00:00, Sys 0 00:00:00  -  Run Remote Usage
		Usr 0 00:00:00, Sys 0 00:00:00  -  Run Local Usage
		Usr 0 00:00:00, Sys 0 00:00:00  -  Total Remote Usage
		Usr 0 00:00:00, Sys 0 00:00:00  -  Total Local Usage
	0  -  Run Bytes Sent By Job
	0  -  Run Bytes Received By Job
	0  -  Total Bytes Sent By Job
	0  -  Total Bytes Received By Job
...
000 (475.000.000) 02/04 23:21:48 Job submitted from host: <192.168.100.49:60560>
...
001 (475.000.000) 02/04 23:22:26 Job executing on host: <192.168.100.69:44514>
...
005 (475.000.000) 02/04 23:22:28 Job terminated.
	(1) Normal termination (return value 1)
		Usr 0 00:00:00, Sys 0 00:00:00  -  Run Remote Usage
		Usr 0 00:00:00, Sys 0 00:00:00  -  Run Local Usage
		Usr 0 00:00:00, Sys 0 00:00:00  -  Total Remote Usage
		Usr 0 00:00:00, Sys 0 00:00:00  -  Total Local Usage
	0  -  Run Bytes Sent By Job
	0  -  Run Bytes Received By Job
	0  -  Total Bytes Sent By Job
	0  -  Total Bytes Received By Job
...
000 (476.000.000) 02/04 23:45:42 Job submitted from host: <192.168.100.49:60560>
...
001 (476.000.000) 02/04 23:46:00 Job executing on host: <192.168.100.69:44514>
...
005 (476.000.000) 02/04 23:46:00 Job terminated.
	(1) Normal termination (return value 1)
		Usr 0 00:00:00, Sys 0 00:00:00  -  Run Remote Usage
		Usr 0 00:00:00, Sys 0 00:00:00  -  Run Local Usage
		Usr 0 00:00:00, Sys 0 00:00:00  -  Total Remote Usage
		Usr 0 00:00:00, Sys 0 00:00:00  -  Total Local Usage
	0  -  Run Bytes Sent By Job
	0  -  Run Bytes Received By Job
	0  -  Total Bytes Sent By Job
	0  -  Total Bytes Received By Job
...
000 (477.000.000) 02/04 23:46:57 Job submitted from host: <192.168.100.49:60560>
...
001 (477.000.000) 02/04 23:47:00 Job executing on host: <192.168.100.69:44514>
...
006 (477.000.000) 02/04 23:52:08 Image size of job updated: 219884
...
000 (478.000.000) 02/05 01:21:20 Job submitted from host: <192.168.100.49:60560>
...
001 (478.000.000) 02/05 01:21:35 Job executing on host: <192.168.100.69:44514>
...
004 (477.000.000) 02/05 01:22:21 Job was evicted.
	(0) Job was not checkpointed.
		Usr 0 01:35:20, Sys 0 00:00:00  -  Run Remote Usage
		Usr 0 00:00:00, Sys 0 00:00:00  -  Run Local Usage
	0  -  Run Bytes Sent By Job
	0  -  Run Bytes Received By Job
...
009 (477.000.000) 02/05 01:22:21 Job was aborted by the user.
	via condor_rm (by user mami1203)
...
006 (478.000.000) 02/05 01:26:43 Image size of job updated: 248288
...
000 (44727.000.000) 02/05 02:02:10 Job submitted from host: <192.168.100.50:51360>
...
001 (44727.000.000) 02/05 02:02:18 Job executing on host: <192.168.100.55:40086>
...
006 (44727.000.000) 02/05 02:07:26 Image size of job updated: 248356
...
006 (44727.000.000) 02/05 02:12:26 Image size of job updated: 248360
...
000 (44728.000.000) 02/05 02:23:29 Job submitted from host: <192.168.100.50:51360>
...
001 (44728.000.000) 02/05 02:23:45 Job executing on host: <192.168.100.55:40086>
...
006 (44728.000.000) 02/05 02:23:53 Image size of job updated: 231004
...
006 (44728.000.000) 02/05 02:28:53 Image size of job updated: 247712
...
005 (44727.000.000) 02/05 02:33:37 Job terminated.
	(1) Normal termination (return value 0)
		Usr 0 00:30:52, Sys 0 00:00:00  -  Run Remote Usage
		Usr 0 00:00:00, Sys 0 00:00:00  -  Run Local Usage
		Usr 0 00:30:52, Sys 0 00:00:00  -  Total Remote Usage
		Usr 0 00:00:00, Sys 0 00:00:00  -  Total Local Usage
	0  -  Run Bytes Sent By Job
	0  -  Run Bytes Received By Job
	0  -  Total Bytes Sent By Job
	0  -  Total Bytes Received By Job
...
000 (44729.000.000) 02/05 02:36:56 Job submitted from host: <192.168.100.50:51360>
...
001 (44729.000.000) 02/05 02:37:05 Job executing on host: <192.168.100.55:40086>
...
006 (44729.000.000) 02/05 02:42:13 Image size of job updated: 247704
...
005 (44729.000.000) 02/05 02:43:55 Job terminated.
	(1) Normal termination (return value 0)
		Usr 0 00:06:41, Sys 0 00:00:00  -  Run Remote Usage
		Usr 0 00:00:00, Sys 0 00:00:00  -  Run Local Usage
		Usr 0 00:06:41, Sys 0 00:00:00  -  Total Remote Usage
		Usr 0 00:00:00, Sys 0 00:00:00  -  Total Local Usage
	0  -  Run Bytes Sent By Job
	0  -  Run Bytes Received By Job
	0  -  Total Bytes Sent By Job
	0  -  Total Bytes Received By Job
...
004 (44728.000.000) 02/05 02:45:30 Job was evicted.
	(0) Job was not checkpointed.
		Usr 0 00:21:17, Sys 0 00:00:00  -  Run Remote Usage
		Usr 0 00:00:00, Sys 0 00:00:00  -  Run Local Usage
	0  -  Run Bytes Sent By Job
	0  -  Run Bytes Received By Job
...
009 (44728.000.000) 02/05 02:45:30 Job was aborted by the user.
	via condor_rm (by user mami1203)
...
